<?xml version="1.0" encoding="UTF-8"?>
<testng-results skipped="0" failed="0" ignored="0" total="1" passed="1">
  <reporter-output>
  </reporter-output>
  <suite name="Default suite" duration-ms="16206" started-at="2019-02-22T22:02:23Z" finished-at="2019-02-22T22:02:40Z">
    <groups>
      <group name="cucumber">
        <method signature="AbstractTestNGCucumberTests.feature(cucumber.api.testng.CucumberFeatureWrapper)[pri:0, instance:com.runner.Runner@6a4f787b]" name="feature" class="cucumber.api.testng.AbstractTestNGCucumberTests"/>
      </group> <!-- cucumber -->
    </groups>
    <test name="Default test" duration-ms="16206" started-at="2019-02-22T22:02:23Z" finished-at="2019-02-22T22:02:40Z">
      <class name="com.runner.Runner">
        <test-method status="PASS" signature="setUpClass()[pri:0, instance:com.runner.Runner@6a4f787b]" name="setUpClass" is-config="true" duration-ms="207" started-at="2019-02-22T22:02:23Z" finished-at="2019-02-22T22:02:24Z">
          <reporter-output>
          </reporter-output>
        </test-method> <!-- setUpClass -->
        <test-method status="PASS" signature="feature(cucumber.api.testng.CucumberFeatureWrapper)[pri:0, instance:com.runner.Runner@6a4f787b]" name="feature" duration-ms="15918" started-at="2019-02-22T22:02:24Z" description="Runs Cucumber Feature" data-provider="features" finished-at="2019-02-22T22:02:40Z">
          <params>
            <param index="0">
              <value>
                <![CDATA[Signin]]>
              </value>
            </param>
          </params>
          <reporter-output>
          </reporter-output>
        </test-method> <!-- feature -->
        <test-method status="PASS" signature="tearDownClass()[pri:0, instance:com.runner.Runner@6a4f787b]" name="tearDownClass" is-config="true" duration-ms="4" started-at="2019-02-22T22:02:40Z" finished-at="2019-02-22T22:02:40Z">
          <reporter-output>
          </reporter-output>
        </test-method> <!-- tearDownClass -->
      </class> <!-- com.runner.Runner -->
    </test> <!-- Default test -->
  </suite> <!-- Default suite -->
</testng-results>
